<?xml version="1.0" encoding="UTF-8"?>
<testsuite name="TestSuite" time="51.964" tests="13" errors="0" skipped="0" failures="0">
  <properties>
    <property name="java.runtime.name" value="Java(TM) SE Runtime Environment"/>
    <property name="java.vm.version" value="11.0.9+7-LTS"/>
    <property name="sun.boot.library.path" value="C:\Program Files\Java\jdk-11.0.9\bin"/>
    <property name="maven.multiModuleProjectDirectory" value="C:\Users\kokul\Documents\qwert\transfermate_TDD"/>
    <property name="java.vm.vendor" value="Oracle Corporation"/>
    <property name="java.vendor.url" value="https://openjdk.java.net/"/>
    <property name="guice.disable.misplaced.annotation.check" value="true"/>
    <property name="path.separator" value=";"/>
    <property name="java.vm.name" value="Java HotSpot(TM) 64-Bit Server VM"/>
    <property name="sun.os.patch.level" value=""/>
    <property name="user.script" value=""/>
    <property name="user.country" value="IN"/>
    <property name="sun.java.launcher" value="SUN_STANDARD"/>
    <property name="java.vm.specification.name" value="Java Virtual Machine Specification"/>
    <property name="user.dir" value="C:\Users\kokul\Documents\qwert\transfermate_TDD"/>
    <property name="java.vm.compressedOopsMode" value="32-bit"/>
    <property name="java.runtime.version" value="11.0.9+7-LTS"/>
    <property name="java.awt.graphicsenv" value="sun.awt.Win32GraphicsEnvironment"/>
    <property name="os.arch" value="amd64"/>
    <property name="java.io.tmpdir" value="C:\Users\kokul\AppData\Local\Temp\"/>
    <property name="line.separator" value="&#10;"/>
    <property name="java.vm.specification.vendor" value="Oracle Corporation"/>
    <property name="user.variant" value=""/>
    <property name="os.name" value="Windows 10"/>
    <property name="classworlds.conf" value="C:\Users\kokul\Documents\qwert\.metadata\.plugins\org.eclipse.m2e.launching\launches\m2conf1482625287308088341.tmp"/>
    <property name="sun.jnu.encoding" value="Cp1252"/>
    <property name="java.library.path" value="C:\Program Files\Java\jdk-11.0.9\bin;C:\WINDOWS\Sun\Java\bin;C:\WINDOWS\system32;C:\WINDOWS;C:/Program Files/Java/jdk-11.0.9/bin/server;C:/Program Files/Java/jdk-11.0.9/bin;C:\Program Files\Python37\Scripts\;C:\Program Files\Python37\;C:\WINDOWS\system32;C:\WINDOWS;C:\WINDOWS\System32\Wbem;C:\WINDOWS\System32\WindowsPowerShell\v1.0\;C:\WINDOWS\System32\OpenSSH\;C:\Android;C:\Windows\System32;C:\Program Files\apache-maven-3.6.3-bin\apache-maven-3.6.3\bin;C:\Users\kokul\AppData\Local\Android\Sdk\tools\bin;C:\Users\kokul\AppData\Local\Android\Sdk\tools;C:\Users\kokul\AppData\Local\Android\Sdk\platform-tools;C:\Users\kokul\AppData\Local\Android\Sdk\emulator;C:\Users\kokul\AppData\Local\Android\Sdk;C:\Program Files\Java\jdk-11.0.9\bin;C:\Program Files\Git\cmd;C:\Program Files\nodejs\;;C:\Program Files\Docker\Docker\resources\bin;C:\Program Files\MySQL\MySQL Shell 8.0\bin\;C:\Users\kokul\AppData\Local\Microsoft\WindowsApps;;C:\Users\kokul\AppData\Local\Programs\Microsoft VS Code\bin;C:\Users\kokul\AppData\Roaming\npm;C:\Users\kokul\Downloads\eclipse-java-2020-06-R-win32-x86_64\eclipse;;."/>
    <property name="jdk.debug" value="release"/>
    <property name="java.class.version" value="55.0"/>
    <property name="java.specification.name" value="Java Platform API Specification"/>
    <property name="sun.management.compiler" value="HotSpot 64-Bit Tiered Compilers"/>
    <property name="os.version" value="10.0"/>
    <property name="user.home" value="C:\Users\kokul"/>
    <property name="user.timezone" value="Asia/Calcutta"/>
    <property name="java.awt.printerjob" value="sun.awt.windows.WPrinterJob"/>
    <property name="file.encoding" value="Cp1252"/>
    <property name="java.specification.version" value="11"/>
    <property name="user.name" value="kokul"/>
    <property name="java.class.path" value="C:\Users\kokul\Downloads\eclipse-java-2020-06-R-win32-x86_64\eclipse\plugins\org.eclipse.m2e.maven.runtime_1.16.0.20200610-1735\jars\plexus-classworlds-2.6.0.jar"/>
    <property name="java.vm.specification.version" value="11"/>
    <property name="sun.arch.data.model" value="64"/>
    <property name="sun.java.command" value="org.codehaus.plexus.classworlds.launcher.Launcher -B install"/>
    <property name="java.home" value="C:\Program Files\Java\jdk-11.0.9"/>
    <property name="user.language" value="en"/>
    <property name="java.specification.vendor" value="Oracle Corporation"/>
    <property name="awt.toolkit" value="sun.awt.windows.WToolkit"/>
    <property name="java.vm.info" value="mixed mode"/>
    <property name="java.version" value="11.0.9"/>
    <property name="java.vendor" value="Oracle Corporation"/>
    <property name="maven.home" value="C:\Users\kokul\Documents\qwert\transfermate_TDD\EMBEDDED"/>
    <property name="file.separator" value="\"/>
    <property name="java.version.date" value="2020-10-20"/>
    <property name="java.vendor.url.bug" value="https://bugreport.java.com/bugreport/"/>
    <property name="sun.io.unicode.encoding" value="UnicodeLittle"/>
    <property name="sun.cpu.endian" value="little"/>
    <property name="java.vendor.version" value="18.9"/>
    <property name="sun.desktop" value="windows"/>
    <property name="sun.cpu.isalist" value="amd64"/>
  </properties>
  <testcase name="Verify_Account_Type_Banner_Alert" classname="com.qa.testcases.SignUpTest" time="1.477"/>
  <testcase name="Verify_Mobile_inputbox_only_allows_numbers" classname="com.qa.testcases.SignUpTest" time="5.334"/>
  <testcase name="Verify_User_is_able_to_complete_the_sign_up_and_receive_activation_email_for_all_Account_types" classname="com.qa.testcases.SignUpTest" time="7.199"/>
  <testcase name="Verify_User_is_able_to_complete_the_sign_up_and_receive_activation_email_for_all_Account_types" classname="com.qa.testcases.SignUpTest" time="7.266"/>
  <testcase name="Verify_User_is_able_to_complete_the_sign_up_and_receive_activation_email_for_all_Account_types" classname="com.qa.testcases.SignUpTest" time="38.726"/>
  <testcase name="Verify_User_is_able_to_complete_the_sign_up_and_receive_activation_email_for_all_Account_types" classname="com.qa.testcases.SignUpTest" time="23.579"/>
  <testcase name="Verify_User_is_able_to_complete_the_sign_up_and_receive_activation_email_for_all_Account_types" classname="com.qa.testcases.SignUpTest" time="3.365"/>
  <testcase name="Verify_User_is_not_able_to_complete_the_sign_up_with_Country_where_payment_cannot_be_done" classname="com.qa.testcases.SignUpTest" time="3.337"/>
  <testcase name="Verify_User_is_not_able_to_enter_non_alphabatic_characters_in__firstName__lastName_inputbox" classname="com.qa.testcases.SignUpTest" time="10.827"/>
  <testcase name="Verify_User_is_not_able_to_sign_up_with_already_existing_email" classname="com.qa.testcases.SignUpTest" time="14.299"/>
  <testcase name="Verify_User_is_not_able_to_sign_up_with_invalid_captcha" classname="com.qa.testcases.SignUpTest" time="2.785"/>
  <testcase name="Verify_User_is_not_able_to_sign_up_without_firstName__lastName_email_and_capcha" classname="com.qa.testcases.SignUpTest" time="6.345"/>
  <testcase name="Verify_User_is_not_able_to_sign_up_without_selecting_account_type" classname="com.qa.testcases.SignUpTest" time="0.361"/>
</testsuite>