<?xml version="1.0" encoding="UTF-8"?>
<!-- Generated by org.testng.reporters.JUnitReportReporter -->
<testsuite hostname="DESKTOP-PUEN090" failures="0" tests="1" name="com.pims.qa.testcases.AntechTest1" time="12.020" errors="0" timestamp="13 Feb 2022 12:30:34 GMT" skipped="0">
  <testcase classname="com.pims.qa.testcases.AntechTest1" name="VerifyPatientNameinBanner" time="12.020"/>
</testsuite> <!-- com.pims.qa.testcases.AntechTest1 -->
