<?xml version="1.0" encoding="UTF-8"?>
<!-- Generated by org.testng.reporters.JUnitReportReporter -->
<testsuite hostname="DESKTOP-PUEN090" failures="0" tests="1" name="com.antech.qa.TestCases.AntechTest1" time="29.962" errors="0" timestamp="06 Dec 2021 13:07:28 GMT" skipped="0">
  <testcase classname="com.antech.qa.TestCases.AntechTest1" name="VerifyPatientNameinBanner" time="29.962"/>
</testsuite> <!-- com.antech.qa.TestCases.AntechTest1 -->
