<?xml version="1.0" encoding="UTF-8"?>
<!-- Generated by org.testng.reporters.JUnitReportReporter -->
<testsuite hostname="DESKTOP-PUEN090" failures="0" tests="1" name="com.antech.qa.TestCases.AntechTest1" time="27.366" errors="0" timestamp="06 Dec 2021 12:50:22 GMT" skipped="0">
  <testcase classname="com.antech.qa.TestCases.AntechTest1" name="VerifyPatientNameinBanner" time="27.366"/>
</testsuite> <!-- com.antech.qa.TestCases.AntechTest1 -->
