<?xml version="1.0" encoding="UTF-8"?>
<!-- Generated by org.testng.reporters.JUnitReportReporter -->
<testsuite hostname="LAPTOP-65ID085J" failures="0" tests="13" name="com.qa.testcases.SignUpTest" time="474.595" errors="0" timestamp="25 Feb 2023 12:35:39 GMT" skipped="0">
  <testcase classname="com.qa.testcases.SignUpTest" name="Verify_Account_Type_Banner_Alert" time="32.800"/>
  <testcase classname="com.qa.testcases.SignUpTest" name="Verify_User_is_able_to_complete_the_sign_up_and_receive_activation_email_for_all_Account_types" time="62.848"/>
  <testcase classname="com.qa.testcases.SignUpTest" name="Verify_User_is_able_to_complete_the_sign_up_and_receive_activation_email_for_all_Account_types" time="75.153"/>
  <testcase classname="com.qa.testcases.SignUpTest" name="Verify_User_is_not_able_to_sign_up_without_selecting_account_type" time="29.946"/>
  <testcase classname="com.qa.testcases.SignUpTest" name="Verify_Mobile_inputbox_only_allows_numbers" time="25.530"/>
  <testcase classname="com.qa.testcases.SignUpTest" name="Verify_User_is_able_to_complete_the_sign_up_and_receive_activation_email_for_all_Account_types" time="30.622"/>
  <testcase classname="com.qa.testcases.SignUpTest" name="Verify_User_is_not_able_to_sign_up_with_invalid_captcha" time="22.236"/>
  <testcase classname="com.qa.testcases.SignUpTest" name="Verify_User_is_able_to_complete_the_sign_up_and_receive_activation_email_for_all_Account_types" time="17.436"/>
  <testcase classname="com.qa.testcases.SignUpTest" name="Verify_User_is_able_to_complete_the_sign_up_and_receive_activation_email_for_all_Account_types" time="30.230"/>
  <testcase classname="com.qa.testcases.SignUpTest" name="Verify_User_is_not_able_to_sign_up_with_already_existing_email" time="42.617"/>
  <testcase classname="com.qa.testcases.SignUpTest" name="Verify_User_is_not_able_to_sign_up_without_firstName__lastName_email_and_capcha" time="28.909"/>
  <testcase classname="com.qa.testcases.SignUpTest" name="Verify_User_is_not_able_to_complete_the_sign_up_with_Country_where_payment_cannot_be_done" time="54.666"/>
  <testcase classname="com.qa.testcases.SignUpTest" name="Verify_User_is_not_able_to_enter_non_alphabatic_characters_in__firstName__lastName_inputbox" time="21.602"/>
</testsuite> <!-- com.qa.testcases.SignUpTest -->
