<?xml version="1.0" encoding="UTF-8"?>
<!-- Generated by org.testng.reporters.JUnitReportReporter -->
<testsuite hostname="DESKTOP-PUEN090" failures="0" tests="1" name="com.pims.qa.testcases.AntechTest1" time="33.561" errors="0" timestamp="30 Dec 2021 05:58:03 GMT" skipped="0">
  <testcase classname="com.pims.qa.testcases.AntechTest1" name="VerifyPatientNameinBanner" time="33.561"/>
</testsuite> <!-- com.pims.qa.testcases.AntechTest1 -->
